This is pdfTeX, Version 3.141592653-2.6-1.40.25 (TeX Live 2023/MacPorts 2023.66589_0) (preloaded format=latex)
 restricted \write18 enabled.
entering extended mode
(./0_massless_triangle_0.tex
LaTeX2e <2020-02-02> patch level 5
L3 programming layer <2020-03-06>
(/opt/local/share/texmf-texlive/tex/latex/base/article.cls
Document Class: article 2019/12/20 v1.4l Standard LaTeX document class
(/opt/local/share/texmf-texlive/tex/latex/base/size10.clo))
(/opt/local/share/texmf-texlive/tex/latex/feynmf/feynmp.sty
(/opt/local/share/texmf-texlive/tex/latex/graphics/graphics.sty
(/opt/local/share/texmf-texlive/tex/latex/graphics/trig.sty)
(/opt/local/share/texmf-texlive/tex/latex/graphics-cfg/graphics.cfg)
(/opt/local/share/texmf-texlive/tex/latex/graphics-def/dvips.def)))
(/opt/local/share/texmf-texlive/tex/latex/geometry/geometry.sty
(/opt/local/share/texmf-texlive/tex/latex/graphics/keyval.sty)
(/opt/local/share/texmf-texlive/tex/generic/iftex/ifvtex.sty
(/opt/local/share/texmf-texlive/tex/generic/iftex/iftex.sty)))
(/opt/local/share/texmf-texlive/tex/latex/amsmath/amsmath.sty
For additional information on amsmath, use the `?' option.
(/opt/local/share/texmf-texlive/tex/latex/amsmath/amstext.sty
(/opt/local/share/texmf-texlive/tex/latex/amsmath/amsgen.sty))
(/opt/local/share/texmf-texlive/tex/latex/amsmath/amsbsy.sty)
(/opt/local/share/texmf-texlive/tex/latex/amsmath/amsopn.sty))
(/opt/local/share/texmf-texlive/tex/latex/xcolor/xcolor.sty
(/opt/local/share/texmf-texlive/tex/latex/graphics-cfg/color.cfg))
(/opt/local/share/texmf-texlive/tex/latex/l3backend/l3backend-dvips.def)
No file 0_massless_triangle_0.aux.
*geometry* driver: auto-detecting
*geometry* detected driver: dvips

LaTeX Font Warning: Font shape `OT1/cmr/m/n' in size <20> not available
(Font)              size <20.74> substituted on input line 69.

feynmp: File diagram_0_massless_triangle_0.1 not found:
feynmp: Process diagram_0_massless_triangle_0.mp with MetaPost and then reproce
ss this file.
feynmf: Label file diagram_0_massless_triangle_0.t1 not found:
feynmf: Process diagram_0_massless_triangle_0.mp with MetaPost and then reproce
ss this file.
(/opt/local/share/texmf-texlive/tex/latex/tex-gyre/ot1qcr.fd)

LaTeX Font Warning: Font shape `OT1/cmr/m/n' in size <40> not available
(Font)              size <24.88> substituted on input line 131.


LaTeX Font Warning: Font shape `OT1/cmr/bx/n' in size <40> not available
(Font)              size <24.88> substituted on input line 131.

[1] (./0_massless_triangle_0.aux)

LaTeX Font Warning: Size substitutions with differences
(Font)              up to 15.12pt have occurred.

 )
Output written on 0_massless_triangle_0.dvi (1 page, 548 bytes).
Transcript written on 0_massless_triangle_0.log.
This is MetaPost, version 2.02 (TeX Live 2023/MacPorts 2023.66589_0) (kpathsea version 6.3.5)
(/opt/local/share/texmf-texlive/metapost/base/mpost.mp
(/opt/local/share/texmf-texlive/metapost/base/plain.mp
Preloading the plain mem file, version 1.005) )
(./diagram_0_massless_triangle_0.mp
(/opt/local/share/texmf-texlive/metapost/feynmf/feynmp.mp) [1] )
1 output file written: diagram_0_massless_triangle_0.1
Transcript written on diagram_0_massless_triangle_0.log.
This is pdfTeX, Version 3.141592653-2.6-1.40.25 (TeX Live 2023/MacPorts 2023.66589_0) (preloaded format=latex)
 restricted \write18 enabled.
entering extended mode
(./0_massless_triangle_0.tex
LaTeX2e <2020-02-02> patch level 5
L3 programming layer <2020-03-06>
(/opt/local/share/texmf-texlive/tex/latex/base/article.cls
Document Class: article 2019/12/20 v1.4l Standard LaTeX document class
(/opt/local/share/texmf-texlive/tex/latex/base/size10.clo))
(/opt/local/share/texmf-texlive/tex/latex/feynmf/feynmp.sty
(/opt/local/share/texmf-texlive/tex/latex/graphics/graphics.sty
(/opt/local/share/texmf-texlive/tex/latex/graphics/trig.sty)
(/opt/local/share/texmf-texlive/tex/latex/graphics-cfg/graphics.cfg)
(/opt/local/share/texmf-texlive/tex/latex/graphics-def/dvips.def)))
(/opt/local/share/texmf-texlive/tex/latex/geometry/geometry.sty
(/opt/local/share/texmf-texlive/tex/latex/graphics/keyval.sty)
(/opt/local/share/texmf-texlive/tex/generic/iftex/ifvtex.sty
(/opt/local/share/texmf-texlive/tex/generic/iftex/iftex.sty)))
(/opt/local/share/texmf-texlive/tex/latex/amsmath/amsmath.sty
For additional information on amsmath, use the `?' option.
(/opt/local/share/texmf-texlive/tex/latex/amsmath/amstext.sty
(/opt/local/share/texmf-texlive/tex/latex/amsmath/amsgen.sty))
(/opt/local/share/texmf-texlive/tex/latex/amsmath/amsbsy.sty)
(/opt/local/share/texmf-texlive/tex/latex/amsmath/amsopn.sty))
(/opt/local/share/texmf-texlive/tex/latex/xcolor/xcolor.sty
(/opt/local/share/texmf-texlive/tex/latex/graphics-cfg/color.cfg))
(/opt/local/share/texmf-texlive/tex/latex/l3backend/l3backend-dvips.def)
(./0_massless_triangle_0.aux)
*geometry* driver: auto-detecting
*geometry* detected driver: dvips

LaTeX Font Warning: Font shape `OT1/cmr/m/n' in size <20> not available
(Font)              size <20.74> substituted on input line 69.

<diagram_0_massless_triangle_0.1> (./diagram_0_massless_triangle_0.t1

LaTeX Font Warning: Font shape `OT1/cmr/m/n' in size <13.99994> not available
(Font)              size <14.4> substituted on input line 2.


LaTeX Font Warning: Font shape `OML/cmm/m/it' in size <20> not available
(Font)              size <20.74> substituted on input line 2.


LaTeX Font Warning: Font shape `OML/cmm/m/it' in size <13.99994> not available
(Font)              size <14.4> substituted on input line 2.


LaTeX Font Warning: Font shape `OMS/cmsy/m/n' in size <20> not available
(Font)              size <20.74> substituted on input line 2.


LaTeX Font Warning: Font shape `OMS/cmsy/m/n' in size <13.99994> not available
(Font)              size <14.4> substituted on input line 2.


LaTeX Font Warning: Font shape `OMX/cmex/m/n' in size <20> not available
(Font)              size <20.74> substituted on input line 2.


LaTeX Font Warning: Font shape `OMX/cmex/m/n' in size <13.99994> not available
(Font)              size <14.4> substituted on input line 2.

) (/opt/local/share/texmf-texlive/tex/latex/tex-gyre/ot1qcr.fd)

LaTeX Font Warning: Font shape `OT1/cmr/m/n' in size <40> not available
(Font)              size <24.88> substituted on input line 131.


LaTeX Font Warning: Font shape `OT1/cmr/bx/n' in size <40> not available
(Font)              size <24.88> substituted on input line 131.

[1] (./0_massless_triangle_0.aux)

LaTeX Font Warning: Size substitutions with differences
(Font)              up to 15.12pt have occurred.

 )
Output written on 0_massless_triangle_0.dvi (1 page, 1204 bytes).
Transcript written on 0_massless_triangle_0.log.
PDFCROP 1.38, 2012/11/02 - Copyright (c) 2002-2012 by Heiko Oberdiek.
==> 1 page written on `0_massless_triangle_0.pdf'.
